<?xml version="1.0" encoding="UTF-8"?>
<testsuite name="TestBeca" tests="3" skipped="0" failures="0" errors="0" timestamp="2022-02-22T12:39:41" hostname="mbp-de-cristian" time="0.027">
  <properties/>
  <testcase name="checkBecaA()" classname="TestBeca" time="0.021"/>
  <testcase name="checkBecaB()" classname="TestBeca" time="0.002"/>
  <testcase name="checkBecaC()" classname="TestBeca" time="0.001"/>
  <system-out><![CDATA[]]></system-out>
  <system-err><![CDATA[]]></system-err>
</testsuite>
